  MALL.cpp
C:\Users\User\Documents\AIE_Year_1\CPP_Assignments\MALL\MALL\MALL\MALL.cpp(126,33): error C2653: 'Map': is not a class or namespace name
C:\Users\User\Documents\AIE_Year_1\CPP_Assignments\MALL\MALL\MALL\MALL.cpp(126,38): error C2065: 'mapWidth': undeclared identifier
C:\Users\User\Documents\AIE_Year_1\CPP_Assignments\MALL\MALL\MALL\MALL.cpp(126,70): error C2653: 'Map': is not a class or namespace name
C:\Users\User\Documents\AIE_Year_1\CPP_Assignments\MALL\MALL\MALL\MALL.cpp(126,75): error C2065: 'mapHeight': undeclared identifier
C:\Users\User\Documents\AIE_Year_1\CPP_Assignments\MALL\MALL\MALL\MALL.cpp(142,53): warning C4305: 'return': truncation from 'int' to 'char'
C:\Users\User\Documents\AIE_Year_1\CPP_Assignments\MALL\MALL\MALL\MALL.cpp(142,53): warning C4309: 'return': truncation of constant value
C:\Users\User\Documents\AIE_Year_1\CPP_Assignments\MALL\MALL\MALL\MALL.cpp(194,10): error C3646: 'rooms': unknown override specifier
C:\Users\User\Documents\AIE_Year_1\CPP_Assignments\MALL\MALL\MALL\MALL.cpp(194,15): error C2143: syntax error: missing ',' before '['
C:\Users\User\Documents\AIE_Year_1\CPP_Assignments\MALL\MALL\MALL\MALL.cpp(194,36): error C2238: unexpected token(s) preceding ';'
C:\Users\User\Documents\AIE_Year_1\CPP_Assignments\MALL\MALL\MALL\MALL.cpp(209,17): error C2065: 'rooms': undeclared identifier
C:\Users\User\Documents\AIE_Year_1\CPP_Assignments\MALL\MALL\MALL\MALL.cpp(217,13): error C2065: 'rooms': undeclared identifier
C:\Users\User\Documents\AIE_Year_1\CPP_Assignments\MALL\MALL\MALL\MALL.cpp(222,23): error C2061: syntax error: identifier 'HealthPotion'
C:\Users\User\Documents\AIE_Year_1\CPP_Assignments\MALL\MALL\MALL\MALL.cpp(222,9): error C2660: 'Map::PlaceItem': function does not take 1 arguments
  C:\Users\User\Documents\AIE_Year_1\CPP_Assignments\MALL\MALL\MALL\MALL.cpp(225,10):
  see declaration of 'Map::PlaceItem'
  C:\Users\User\Documents\AIE_Year_1\CPP_Assignments\MALL\MALL\MALL\MALL.cpp(222,9):
  while trying to match the argument list '()'
  
C:\Users\User\Documents\AIE_Year_1\CPP_Assignments\MALL\MALL\MALL\MALL.cpp(222,43): error C2143: syntax error: missing ';' before ')'
C:\Users\User\Documents\AIE_Year_1\CPP_Assignments\MALL\MALL\MALL\MALL.cpp(222,43): error C2059: syntax error: ')'
C:\Users\User\Documents\AIE_Year_1\CPP_Assignments\MALL\MALL\MALL\MALL.cpp(227,13): error C2065: 'rooms': undeclared identifier
C:\Users\User\Documents\AIE_Year_1\CPP_Assignments\MALL\MALL\MALL\MALL.cpp(246,13): error C2065: 'rooms': undeclared identifier
C:\Users\User\Documents\AIE_Year_1\CPP_Assignments\MALL\MALL\MALL\MALL.cpp(294,17): error C2065: 'rooms': undeclared identifier
C:\Users\User\Documents\AIE_Year_1\CPP_Assignments\MALL\MALL\MALL\MALL.cpp(526,41): error C2039: 'rooms': is not a member of 'Map'
  C:\Users\User\Documents\AIE_Year_1\CPP_Assignments\MALL\MALL\MALL\MALL.cpp(189,7):
  see declaration of 'Map'
  
C:\Users\User\Documents\AIE_Year_1\CPP_Assignments\MALL\MALL\MALL\MALL.cpp(526,31): error C2530: 'currentRoom': references must be initialized
